To honour the JVM settings for this build a single-use Daemon process will be forked. For more on this, please refer to https://docs.gradle.org/8.14.3/userguide/gradle_daemon.html#sec:disabling_the_daemon in the Gradle documentation.
Daemon will be stopped at the end of the build 

> Configure project :app
WARNING: Using flatDir should be avoided because it doesn't support any meta-data formats.

> Configure project :capacitor-cordova-android-plugins
WARNING: Using flatDir should be avoided because it doesn't support any meta-data formats.

> Task :app:preBuild UP-TO-DATE
> Task :app:preDebugBuild UP-TO-DATE
> Task :app:mergeDebugNativeDebugMetadata NO-SOURCE
> Task :app:javaPreCompileDebug UP-TO-DATE
> Task :capacitor-android:preBuild UP-TO-DATE
> Task :capacitor-android:preDebugBuild UP-TO-DATE
> Task :capacitor-android:writeDebugAarMetadata UP-TO-DATE
> Task :capacitor-cordova-android-plugins:preBuild UP-TO-DATE
> Task :capacitor-cordova-android-plugins:preDebugBuild UP-TO-DATE
> Task :capacitor-cordova-android-plugins:writeDebugAarMetadata UP-TO-DATE
> Task :app:checkDebugAarMetadata UP-TO-DATE
> Task :capacitor-android:processDebugNavigationResources UP-TO-DATE
> Task :capacitor-cordova-android-plugins:processDebugNavigationResources UP-TO-DATE
> Task :app:processDebugNavigationResources UP-TO-DATE
> Task :app:compileDebugNavigationResources UP-TO-DATE
> Task :app:generateDebugResValues UP-TO-DATE
> Task :capacitor-android:generateDebugResValues UP-TO-DATE
> Task :capacitor-android:generateDebugResources UP-TO-DATE
> Task :capacitor-android:packageDebugResources UP-TO-DATE
> Task :capacitor-cordova-android-plugins:generateDebugResValues UP-TO-DATE
> Task :capacitor-cordova-android-plugins:generateDebugResources UP-TO-DATE
> Task :capacitor-cordova-android-plugins:packageDebugResources UP-TO-DATE
> Task :app:mapDebugSourceSetPaths UP-TO-DATE
> Task :app:generateDebugResources UP-TO-DATE
> Task :app:mergeDebugResources UP-TO-DATE
> Task :app:packageDebugResources UP-TO-DATE
> Task :app:parseDebugLocalResources UP-TO-DATE
> Task :app:createDebugCompatibleScreenManifests UP-TO-DATE
> Task :app:extractDeepLinksDebug UP-TO-DATE
> Task :capacitor-android:extractDeepLinksDebug UP-TO-DATE
> Task :capacitor-android:processDebugManifest UP-TO-DATE
> Task :capacitor-cordova-android-plugins:extractDeepLinksDebug UP-TO-DATE
> Task :capacitor-cordova-android-plugins:processDebugManifest UP-TO-DATE
> Task :app:processDebugMainManifest UP-TO-DATE
> Task :app:processDebugManifest UP-TO-DATE
> Task :app:processDebugManifestForPackage UP-TO-DATE
> Task :capacitor-android:compileDebugLibraryResources UP-TO-DATE
> Task :capacitor-android:parseDebugLocalResources UP-TO-DATE
> Task :capacitor-android:generateDebugRFile UP-TO-DATE
> Task :capacitor-cordova-android-plugins:compileDebugLibraryResources UP-TO-DATE
> Task :capacitor-cordova-android-plugins:parseDebugLocalResources UP-TO-DATE
> Task :capacitor-cordova-android-plugins:generateDebugRFile UP-TO-DATE
> Task :capacitor-android:javaPreCompileDebug UP-TO-DATE
> Task :capacitor-android:compileDebugJavaWithJavac FAILED
> Task :app:processDebugResources

[Incubating] Problems report is available at: file:///D:/Vetri/3WD_GCS/PX4_DXP/front-end/android/build/reports/problems/problems-report.html
38 actionable tasks: 2 executed, 36 up-to-date
